2022-10-11 11:44:38,435  INFO [main] KiteZerodha:46 - browser is opened
2022-10-11 11:44:38,711  INFO [main] KiteZerodha:50 - Browser Maximized
2022-10-11 11:44:41,070  INFO [main] KiteZerodha:53 - URL is opened
2022-10-11 11:44:41,073  INFO [main] KiteZerodha:57 - Screenshot taken
2022-10-11 11:44:41,881  INFO [main] KiteZerodha:64 - UserName is Entered
2022-10-11 11:44:44,286  INFO [main] KiteZerodha:66 - Password is Entered
2022-10-11 11:44:44,594  INFO [main] KiteZerodha:69 - Clicked on Login Button
2022-10-11 11:45:04,725  INFO [main] KiteZerodha:72 - Pin is Entered
2022-10-11 11:45:04,804  INFO [main] KiteZerodha:47 - Kite - Zerodha's fast and elegant flagship trading platform
2022-10-11 11:45:13,521  INFO [main] KiteZerodha:46 - browser is opened
2022-10-11 11:45:14,201  INFO [main] KiteZerodha:50 - Browser Maximized
2022-10-11 11:45:24,508  INFO [main] KiteZerodha:53 - URL is opened
2022-10-11 11:45:24,509  INFO [main] KiteZerodha:57 - Screenshot taken
2022-10-11 11:45:24,971  INFO [main] KiteZerodha:64 - UserName is Entered
2022-10-11 11:45:25,281  INFO [main] KiteZerodha:66 - Password is Entered
2022-10-11 11:45:25,646  INFO [main] KiteZerodha:69 - Clicked on Login Button
2022-10-11 11:45:45,812  INFO [main] KiteZerodha:72 - Pin is Entered
2022-10-11 11:45:56,933  INFO [main] KiteZerodha:29 - Move to watchlist 7
2022-10-11 11:45:58,771  INFO [main] KiteZerodha:31 - Stock name Entered
2022-10-11 11:46:02,666  INFO [main] KiteZerodha:36 - Share is added in watchlist
2022-10-11 11:46:08,241  INFO [main] KiteZerodha:45 - 1 / 50
2022-10-11 11:46:17,080  INFO [main] KiteZerodha:46 - browser is opened
2022-10-11 11:46:17,374  INFO [main] KiteZerodha:50 - Browser Maximized
2022-10-11 11:46:21,110  INFO [main] KiteZerodha:53 - URL is opened
2022-10-11 11:46:21,112  INFO [main] KiteZerodha:57 - Screenshot taken
2022-10-11 11:46:21,237  INFO [main] KiteZerodha:64 - UserName is Entered
2022-10-11 11:46:21,693  INFO [main] KiteZerodha:66 - Password is Entered
2022-10-11 11:46:21,947  INFO [main] KiteZerodha:69 - Clicked on Login Button
2022-10-11 11:46:42,067  INFO [main] KiteZerodha:72 - Pin is Entered
2022-10-11 11:46:49,881  INFO [main] KiteZerodha:29 - Kite - Zerodha's fast and elegant flagship trading platform
2022-10-11 11:46:50,100  INFO [main] KiteZerodha:32 - Kite - Zerodha's fast and elegant flagship trading platform
